09-Mar-2021 00:01:27.063 INFO [main] org.apache.catalina.startup.VersionLoggerListener.log Server version name:   Apache Tomcat/8.5.63
09-Mar-2021 00:01:27.070 INFO [main] org.apache.catalina.startup.VersionLoggerListener.log Server built:          Jan 29 2021 11:21:49 UTC
09-Mar-2021 00:01:27.071 INFO [main] org.apache.catalina.startup.VersionLoggerListener.log Server version number: 8.5.63.0
09-Mar-2021 00:01:27.071 INFO [main] org.apache.catalina.startup.VersionLoggerListener.log OS Name:               Linux
09-Mar-2021 00:01:27.071 INFO [main] org.apache.catalina.startup.VersionLoggerListener.log OS Version:            4.14.214-160.339.amzn2.x86_64
09-Mar-2021 00:01:27.071 INFO [main] org.apache.catalina.startup.VersionLoggerListener.log Architecture:          amd64
09-Mar-2021 00:01:27.071 INFO [main] org.apache.catalina.startup.VersionLoggerListener.log Java Home:             /usr/lib/jvm/java-11-amazon-corretto.x86_64
09-Mar-2021 00:01:27.071 INFO [main] org.apache.catalina.startup.VersionLoggerListener.log JVM Version:           11.0.10+9-LTS
09-Mar-2021 00:01:27.071 INFO [main] org.apache.catalina.startup.VersionLoggerListener.log JVM Vendor:            Amazon.com Inc.
09-Mar-2021 00:01:27.071 INFO [main] org.apache.catalina.startup.VersionLoggerListener.log CATALINA_BASE:         /root/apache-tomcat-8.5.63
09-Mar-2021 00:01:27.071 INFO [main] org.apache.catalina.startup.VersionLoggerListener.log CATALINA_HOME:         /root/apache-tomcat-8.5.63
09-Mar-2021 00:01:27.073 INFO [main] org.apache.catalina.startup.VersionLoggerListener.log Command line argument: --add-opens=java.base/java.lang=ALL-UNNAMED
09-Mar-2021 00:01:27.073 INFO [main] org.apache.catalina.startup.VersionLoggerListener.log Command line argument: --add-opens=java.base/java.io=ALL-UNNAMED
09-Mar-2021 00:01:27.073 INFO [main] org.apache.catalina.startup.VersionLoggerListener.log Command line argument: --add-opens=java.base/java.util=ALL-UNNAMED
09-Mar-2021 00:01:27.073 INFO [main] org.apache.catalina.startup.VersionLoggerListener.log Command line argument: --add-opens=java.base/java.util.concurrent=ALL-UNNAMED
09-Mar-2021 00:01:27.073 INFO [main] org.apache.catalina.startup.VersionLoggerListener.log Command line argument: --add-opens=java.rmi/sun.rmi.transport=ALL-UNNAMED
09-Mar-2021 00:01:27.074 INFO [main] org.apache.catalina.startup.VersionLoggerListener.log Command line argument: -Djava.util.logging.config.file=/root/apache-tomcat-8.5.63/conf/logging.properties
09-Mar-2021 00:01:27.074 INFO [main] org.apache.catalina.startup.VersionLoggerListener.log Command line argument: -Djava.util.logging.manager=org.apache.juli.ClassLoaderLogManager
09-Mar-2021 00:01:27.074 INFO [main] org.apache.catalina.startup.VersionLoggerListener.log Command line argument: -Djdk.tls.ephemeralDHKeySize=2048
09-Mar-2021 00:01:27.074 INFO [main] org.apache.catalina.startup.VersionLoggerListener.log Command line argument: -Djava.protocol.handler.pkgs=org.apache.catalina.webresources
09-Mar-2021 00:01:27.076 INFO [main] org.apache.catalina.startup.VersionLoggerListener.log Command line argument: -Dorg.apache.catalina.security.SecurityListener.UMASK=0027
09-Mar-2021 00:01:27.085 INFO [main] org.apache.catalina.startup.VersionLoggerListener.log Command line argument: -Dignore.endorsed.dirs=
09-Mar-2021 00:01:27.090 INFO [main] org.apache.catalina.startup.VersionLoggerListener.log Command line argument: -Dcatalina.base=/root/apache-tomcat-8.5.63
09-Mar-2021 00:01:27.090 INFO [main] org.apache.catalina.startup.VersionLoggerListener.log Command line argument: -Dcatalina.home=/root/apache-tomcat-8.5.63
09-Mar-2021 00:01:27.091 INFO [main] org.apache.catalina.startup.VersionLoggerListener.log Command line argument: -Djava.io.tmpdir=/root/apache-tomcat-8.5.63/temp
09-Mar-2021 00:01:27.091 INFO [main] org.apache.catalina.core.AprLifecycleListener.lifecycleEvent The Apache Tomcat Native library which allows using OpenSSL was not found on the java.library.path: [/usr/java/packages/lib:/usr/lib64:/lib64:/lib:/usr/lib]
09-Mar-2021 00:01:27.178 INFO [main] org.apache.coyote.AbstractProtocol.init Initializing ProtocolHandler ["http-nio-8080"]
09-Mar-2021 00:01:27.219 INFO [main] org.apache.tomcat.util.net.NioSelectorPool.getSharedSelector Using a shared selector for servlet write/read
09-Mar-2021 00:01:27.263 INFO [main] org.apache.catalina.startup.Catalina.load Initialization processed in 1533 ms
09-Mar-2021 00:01:27.397 INFO [main] org.apache.catalina.core.StandardService.startInternal Starting service [Catalina]
09-Mar-2021 00:01:27.397 INFO [main] org.apache.catalina.core.StandardEngine.startInternal Starting Servlet Engine: Apache Tomcat/8.5.63
09-Mar-2021 00:01:27.422 INFO [localhost-startStop-1] org.apache.catalina.startup.HostConfig.deployDirectory Deploying web application directory [/root/apache-tomcat-8.5.63/webapps/ROOT]
09-Mar-2021 00:01:27.954 INFO [localhost-startStop-1] org.apache.catalina.startup.HostConfig.deployDirectory Deployment of web application directory [/root/apache-tomcat-8.5.63/webapps/ROOT] has finished in [532] ms
09-Mar-2021 00:01:27.955 INFO [localhost-startStop-1] org.apache.catalina.startup.HostConfig.deployDirectory Deploying web application directory [/root/apache-tomcat-8.5.63/webapps/docs]
09-Mar-2021 00:01:28.002 INFO [localhost-startStop-1] org.apache.catalina.startup.HostConfig.deployDirectory Deployment of web application directory [/root/apache-tomcat-8.5.63/webapps/docs] has finished in [47] ms
09-Mar-2021 00:01:28.004 INFO [localhost-startStop-1] org.apache.catalina.startup.HostConfig.deployDirectory Deploying web application directory [/root/apache-tomcat-8.5.63/webapps/examples]
09-Mar-2021 00:01:28.558 INFO [localhost-startStop-1] org.apache.catalina.startup.HostConfig.deployDirectory Deployment of web application directory [/root/apache-tomcat-8.5.63/webapps/examples] has finished in [555] ms
09-Mar-2021 00:01:28.559 INFO [localhost-startStop-1] org.apache.catalina.startup.HostConfig.deployDirectory Deploying web application directory [/root/apache-tomcat-8.5.63/webapps/host-manager]
09-Mar-2021 00:01:28.619 INFO [localhost-startStop-1] org.apache.catalina.startup.HostConfig.deployDirectory Deployment of web application directory [/root/apache-tomcat-8.5.63/webapps/host-manager] has finished in [60] ms
09-Mar-2021 00:01:28.619 INFO [localhost-startStop-1] org.apache.catalina.startup.HostConfig.deployDirectory Deploying web application directory [/root/apache-tomcat-8.5.63/webapps/manager]
09-Mar-2021 00:01:28.663 INFO [localhost-startStop-1] org.apache.catalina.startup.HostConfig.deployDirectory Deployment of web application directory [/root/apache-tomcat-8.5.63/webapps/manager] has finished in [44] ms
09-Mar-2021 00:01:28.668 INFO [main] org.apache.coyote.AbstractProtocol.start Starting ProtocolHandler ["http-nio-8080"]
09-Mar-2021 00:01:28.702 INFO [main] org.apache.catalina.startup.Catalina.start Server startup in 1439 ms
09-Mar-2021 00:02:28.689 INFO [localhost-startStop-2] org.apache.catalina.startup.HostConfig.deployWAR Deploying web application archive [/root/apache-tomcat-8.5.63/webapps/devops.war]
09-Mar-2021 00:02:28.775 INFO [localhost-startStop-2] org.apache.catalina.startup.HostConfig.deployWAR Deployment of web application archive [/root/apache-tomcat-8.5.63/webapps/devops.war] has finished in [86] ms
09-Mar-2021 00:20:23.191 INFO [Thread-3] org.apache.coyote.AbstractProtocol.pause Pausing ProtocolHandler ["http-nio-8080"]
09-Mar-2021 00:20:23.210 INFO [Thread-3] org.apache.catalina.core.StandardService.stopInternal Stopping service [Catalina]
09-Mar-2021 00:20:23.410 INFO [Thread-3] org.apache.coyote.AbstractProtocol.stop Stopping ProtocolHandler ["http-nio-8080"]
09-Mar-2021 00:20:23.414 INFO [Thread-3] org.apache.coyote.AbstractProtocol.destroy Destroying ProtocolHandler ["http-nio-8080"]
